#
# A fatal error has been detected by the Java Runtime Environment:
#
#  EXCEPTION_ACCESS_VIOLATION (0xc0000005) at pc=0x00000000ecace390, pid=7720, tid=0x0000000000001da8
#
# JRE version: OpenJDK Runtime Environment (8.0_112-b06) (build 1.8.0_112-release-b06)
# Java VM: OpenJDK 64-Bit Server VM (25.112-b06 mixed mode windows-amd64 compressed oops)
# Problematic frame:
# C  0x00000000ecace390
#
# Failed to write core dump. Minidumps are not enabled by default on client versions of Windows
#
# If you would like to submit a bug report, please visit:
#   http://bugreport.java.com/bugreport/crash.jsp
#

---------------  T H R E A D  ---------------

Current thread (0x000000001d09e000):  JavaThread "Daemon worker Thread 6" [_thread_in_Java, id=7592, stack(0x00000000192d0000,0x00000000193d0000)]

siginfo: ExceptionCode=0xc0000005, ExceptionInformation=0x0000000000000008 0x00000000ecace390

Registers:
RAX=0x00000000ecacf4c8, RBX=0x00000000ecacf4c8, RCX=0x0000000000000000, RDX=0x0000000002360000
RSP=0x00000000193ca008, RBP=0x0000000009d331c4, RSI=0x000000001e7b2ac8, RDI=0x0000000000004740
R8 =0x000000000000006e, R9 =0x00000000ffffffff, R10=0x00000000ecacf4e8, R11=0x0000000000000074
R12=0x0000000000000000, R13=0x000000000000006e, R14=0x0000000000000072, R15=0x000000001d09e000
RIP=0x00000000ecace390, EFLAGS=0x0000000000010246

Top of Stack: (sp=0x00000000193ca008)
0x00000000193ca008:   000000001acbfba0 00000000ecac8350
0x00000000193ca018:   00000000081301ec 0000000000000000
0x00000000193ca028:   0000000007633351 0000000019f4cf48
0x00000000193ca038:   0000000000000007 000000000000000a
0x00000000193ca048:   0000000008794438 00000000ecacec20
0x00000000193ca058:   00000000076279ee 0000000000000000
0x00000000193ca068:   0000000000000001 00000000ecac8350
0x00000000193ca078:   0000000009d31cc4 00000000ecac8350
0x00000000193ca088:   0000000009d2ff0c 000000001acbff78
0x00000000193ca098:   000000001d056500 00000000ecac8350
0x00000000193ca0a8:   0000000008908e64 0000000019f4cf48
0x00000000193ca0b8:   0000000019f4cf48 00000000ecacb3f8
0x00000000193ca0c8:   00000000a05e3bb8 0000000000000000
0x00000000193ca0d8:   00000000ecacdbe0 0000000100000000
0x00000000193ca0e8:   0000000000000001 00000000193ca170
0x00000000193ca0f8:   000000000773e2d9 00000000ecac8350 

Instructions: (pc=0x00000000ecace390)
0x00000000ecace370:   32 00 2d 00 65 00 6e 00 74 00 69 00 74 00 69 00
0x00000000ecace380:   65 00 73 00 2e 00 65 00 6e 00 74 00 00 00 00 00
0x00000000ecace390:   05 00 00 00 00 00 00 00 c2 82 f7 27 a8 e3 ac ec
0x00000000ecace3a0:   2a dd 1c 37 00 00 00 00 01 00 00 00 00 00 00 00 


Register to memory mapping:

RAX=0x00000000ecacf4c8 is an oop
org.xml.sax.InputSource 
 - klass: 'org/xml/sax/InputSource'
RBX=0x00000000ecacf4c8 is an oop
org.xml.sax.InputSource 
 - klass: 'org/xml/sax/InputSource'
RCX=0x0000000000000000 is an unknown value
RDX=0x0000000002360000 is an unknown value
RSP=0x00000000193ca008 is pointing into the stack for thread: 0x000000001d09e000
RBP=0x0000000009d331c4 is at entry_point+900 in (nmethod*)0x0000000009d32c50
RSI={method} {0x000000001e7b2ad0} 'setByteStream' '(Ljava/io/InputStream;)V' in 'org/xml/sax/InputSource'
RDI=0x0000000000004740 is an unknown value
R8 =0x000000000000006e is an unknown value
R9 =0x00000000ffffffff is an unallocated location in the heap
R10=0x00000000ecacf4e8 is an oop
java.io.ByteArrayInputStream 
 - klass: 'java/io/ByteArrayInputStream'
R11=0x0000000000000074 is an unknown value
R12=0x0000000000000000 is an unknown value
R13=0x000000000000006e is an unknown value
R14=0x0000000000000072 is an unknown value
R15=0x000000001d09e000 is a thread


Stack: [0x00000000192d0000,0x00000000193d0000],  sp=0x00000000193ca008,  free space=1000k
Native frames: (J=compiled Java code, j=interpreted, Vv=VM code, C=native code)
C  0x00000000ecace390


---------------  P R O C E S S  ---------------

Java Threads: ( => current thread )
  0x000000001d0a1000 JavaThread "Stdin handler" [_thread_blocked, id=4364, stack(0x000000001ca40000,0x000000001cb40000)]
  0x000000001d09f800 JavaThread "Asynchronous log dispatcher for DefaultDaemonConnection: socket connection from /127.0.0.1:20904 to /127.0.0.1:40472" [_thread_blocked, id=6272, stack(0x000000001c2f0000,0x000000001c3f0000)]
=>0x000000001d09e000 JavaThread "Daemon worker Thread 6" [_thread_in_Java, id=7592, stack(0x00000000192d0000,0x00000000193d0000)]
  0x000000001d09b800 JavaThread "Cancel handler" [_thread_blocked, id=2012, stack(0x000000001bc00000,0x000000001bd00000)]
  0x000000001d09e800 JavaThread "Handler for socket connection from /127.0.0.1:20904 to /127.0.0.1:40472" [_thread_in_native, id=8328, stack(0x000000001c1d0000,0x000000001c2d0000)]
  0x000000001d09d000 JavaThread "Daemon Thread 6" [_thread_blocked, id=8064, stack(0x000000001bd60000,0x000000001be60000)]
  0x0000000020553800 JavaThread "pool-14-thread-4" [_thread_blocked, id=3996, stack(0x0000000021b70000,0x0000000021c70000)]
  0x0000000020558000 JavaThread "pool-14-thread-3" [_thread_blocked, id=4340, stack(0x000000001bf60000,0x000000001c060000)]
  0x0000000020558800 JavaThread "pool-14-thread-2" [_thread_blocked, id=4640, stack(0x00000000241c0000,0x00000000242c0000)]
  0x0000000020557000 JavaThread "pool-14-thread-1" [_thread_blocked, id=7416, stack(0x0000000023690000,0x0000000023790000)]
  0x000000001d111800 JavaThread "File lock request listener" [_thread_in_native, id=8148, stack(0x000000001c8f0000,0x000000001c9f0000)]
  0x0000000019f50800 JavaThread "pool-1-thread-1" [_thread_blocked, id=7488, stack(0x000000001c060000,0x000000001c160000)]
  0x000000001a2f2800 JavaThread "Incoming local TCP Connector on port 20904" [_thread_in_native, id=7724, stack(0x000000001b560000,0x000000001b660000)]
  0x0000000017e43800 JavaThread "Service Thread" daemon [_thread_blocked, id=7708, stack(0x0000000018590000,0x0000000018690000)]
  0x0000000017e31800 JavaThread "C1 CompilerThread2" daemon [_thread_blocked, id=7196, stack(0x0000000018820000,0x0000000018920000)]
  0x0000000017e30000 JavaThread "C2 CompilerThread1" daemon [_thread_blocked, id=2876, stack(0x0000000018690000,0x0000000018790000)]
  0x0000000017e28800 JavaThread "C2 CompilerThread0" daemon [_thread_blocked, id=7400, stack(0x00000000183d0000,0x00000000184d0000)]
  0x0000000017e1b000 JavaThread "Attach Listener" daemon [_thread_blocked, id=7116, stack(0x00000000182c0000,0x00000000183c0000)]
  0x0000000017e1a800 JavaThread "Signal Dispatcher" daemon [_thread_blocked, id=5100, stack(0x0000000017be0000,0x0000000017ce0000)]
  0x0000000007237000 JavaThread "Finalizer" daemon [_thread_blocked, id=4100, stack(0x0000000017d10000,0x0000000017e10000)]
  0x00000000071f0000 JavaThread "Reference Handler" daemon [_thread_blocked, id=2860, stack(0x00000000179a0000,0x0000000017aa0000)]
  0x000000000226e800 JavaThread "main" [_thread_blocked, id=7288, stack(0x00000000023a0000,0x00000000024a0000)]

Other Threads:
  0x00000000071e8800 VMThread [stack: 0x0000000017ab0000,0x0000000017bb0000] [id=3100]
  0x0000000017e44000 WatcherThread [stack: 0x00000000189d0000,0x0000000018ad0000] [id=1976]

VM state:synchronizing (normal execution)

VM Mutex/Monitor currently owned by a thread:  ([mutex/lock_event])
[0x000000000226bf10] Safepoint_lock - owner thread: 0x00000000071e8800
[0x000000000226bf90] Threads_lock - owner thread: 0x00000000071e8800

Heap:
 PSYoungGen      total 321024K, used 207939K [0x00000000e0000000, 0x00000000f9500000, 0x0000000100000000)
  eden space 291328K, 71% used [0x00000000e0000000,0x00000000ecb10ed8,0x00000000f1c80000)
  from space 29696K, 0% used [0x00000000f6280000,0x00000000f6280000,0x00000000f7f80000)
  to   space 22016K, 0% used [0x00000000f7f80000,0x00000000f7f80000,0x00000000f9500000)
 ParOldGen       total 117760K, used 77931K [0x00000000a0000000, 0x00000000a7300000, 0x00000000e0000000)
  object space 117760K, 66% used [0x00000000a0000000,0x00000000a4c1ad58,0x00000000a7300000)
 Metaspace       used 73769K, capacity 77796K, committed 78040K, reserved 1118208K
  class space    used 9405K, capacity 10091K, committed 10200K, reserved 1048576K

Card table byte_map: [0x0000000002860000,0x0000000002b70000] byte_map_base: 0x0000000002360000

Marking Bits: (ParMarkBitMap*) 0x0000000007da18f0
 Begin Bits: [0x0000000003560000, 0x0000000004d60000)
 End Bits:   [0x0000000004d60000, 0x0000000006560000)

Polling page: 0x0000000000120000

CodeCache: size=245760Kb used=52208Kb max_used=52384Kb free=193551Kb
 bounds [0x0000000007e20000, 0x000000000b1b0000, 0x0000000016e20000]
 total_blobs=15584 nmethods=14791 adapters=705
 compilation: enabled

Compilation events (10 events):
Event: 3103.141 Thread 0x0000000017e31800 nmethod 18854 0x000000000a163310 code [0x000000000a163480, 0x000000000a1636b0]
Event: 3103.141 Thread 0x0000000017e31800 18855       3       org.gradle.internal.metaobject.ConfigureDelegate$1::initialValue (5 bytes)
Event: 3103.142 Thread 0x0000000017e31800 nmethod 18855 0x000000000a162ed0 code [0x000000000a163040, 0x000000000a163210]
Event: 3103.142 Thread 0x0000000017e31800 18856       3       org.gradle.api.internal.DefaultNamedDomainObjectCollection::<init> (109 bytes)
Event: 3103.143 Thread 0x0000000017e31800 nmethod 18856 0x000000000a127910 code [0x000000000a127c80, 0x000000000a129848]
Event: 3103.143 Thread 0x0000000017e31800 18857       3       org.gradle.api.internal.DefaultNamedDomainObjectCollection$UnfilteredIndex::<init> (16 bytes)
Event: 3103.144 Thread 0x0000000017e31800 nmethod 18857 0x0000000009f95d10 code [0x0000000009f95e80, 0x0000000009f961d0]
Event: 3103.162 Thread 0x0000000017e31800 18858       3       org.gradle.api.internal.artifacts.ModuleVersionIdentifierSerializer::<init> (5 bytes)
Event: 3103.162 Thread 0x0000000017e31800 nmethod 18858 0x000000000a1919d0 code [0x000000000a191b20, 0x000000000a191cd0]
Event: 3103.354 Thread 0x0000000017e28800 nmethod 18853 0x000000000a31de10 code [0x000000000a31e320, 0x000000000a320be0]

GC Heap History (10 events):
Event: 864.064 GC heap before
{Heap before GC invocations=21 (full 3):
 PSYoungGen      total 376832K, used 354045K [0x00000000e0000000, 0x00000000fcb00000, 0x0000000100000000)
  eden space 350720K, 100% used [0x00000000e0000000,0x00000000f5680000,0x00000000f5680000)
  from space 26112K, 12% used [0x00000000f5680000,0x00000000f59bf608,0x00000000f7000000)
  to   space 25600K, 0% used [0x00000000fb200000,0x00000000fb200000,0x00000000fcb00000)
 ParOldGen       total 81408K, used 60936K [0x00000000a0000000, 0x00000000a4f80000, 0x00000000e0000000)
  object space 81408K, 74% used [0x00000000a0000000,0x00000000a3b82160,0x00000000a4f80000)
 Metaspace       used 72480K, capacity 75948K, committed 76120K, reserved 1116160K
  class space    used 9317K, capacity 9967K, committed 10072K, reserved 1048576K
Event: 864.154 GC heap after
Heap after GC invocations=21 (full 3):
 PSYoungGen      total 360448K, used 25584K [0x00000000e0000000, 0x00000000fcb00000, 0x0000000100000000)
  eden space 334848K, 0% used [0x00000000e0000000,0x00000000e0000000,0x00000000f4700000)
  from space 25600K, 99% used [0x00000000fb200000,0x00000000fcafc160,0x00000000fcb00000)
  to   space 31744K, 0% used [0x00000000f8d00000,0x00000000f8d00000,0x00000000fac00000)
 ParOldGen       total 81408K, used 65456K [0x00000000a0000000, 0x00000000a4f80000, 0x00000000e0000000)
  object space 81408K, 80% used [0x00000000a0000000,0x00000000a3fec3f8,0x00000000a4f80000)
 Metaspace       used 72480K, capacity 75948K, committed 76120K, reserved 1116160K
  class space    used 9317K, capacity 9967K, committed 10072K, reserved 1048576K
}
Event: 1439.456 GC heap before
{Heap before GC invocations=22 (full 3):
 PSYoungGen      total 360448K, used 360432K [0x00000000e0000000, 0x00000000fcb00000, 0x0000000100000000)
  eden space 334848K, 100% used [0x00000000e0000000,0x00000000f4700000,0x00000000f4700000)
  from space 25600K, 99% used [0x00000000fb200000,0x00000000fcafc160,0x00000000fcb00000)
  to   space 31744K, 0% used [0x00000000f8d00000,0x00000000f8d00000,0x00000000fac00000)
 ParOldGen       total 81408K, used 65456K [0x00000000a0000000, 0x00000000a4f80000, 0x00000000e0000000)
  object space 81408K, 80% used [0x00000000a0000000,0x00000000a3fec3f8,0x00000000a4f80000)
 Metaspace       used 72831K, capacity 76444K, committed 76632K, reserved 1116160K
  class space    used 9344K, capacity 10001K, committed 10072K, reserved 1048576K
Event: 1439.516 GC heap after
Heap after GC invocations=22 (full 3):
 PSYoungGen      total 324608K, used 4996K [0x00000000e0000000, 0x00000000fb280000, 0x0000000100000000)
  eden space 319488K, 0% used [0x00000000e0000000,0x00000000e0000000,0x00000000f3800000)
  from space 5120K, 97% used [0x00000000f8d00000,0x00000000f91e12f0,0x00000000f9200000)
  to   space 30720K, 0% used [0x00000000f9480000,0x00000000f9480000,0x00000000fb280000)
 ParOldGen       total 81408K, used 69026K [0x00000000a0000000, 0x00000000a4f80000, 0x00000000e0000000)
  object space 81408K, 84% used [0x00000000a0000000,0x00000000a4368858,0x00000000a4f80000)
 Metaspace       used 72831K, capacity 76444K, committed 76632K, reserved 1116160K
  class space    used 9344K, capacity 10001K, committed 10072K, reserved 1048576K
}
Event: 1546.877 GC heap before
{Heap before GC invocations=23 (full 3):
 PSYoungGen      total 324608K, used 324457K [0x00000000e0000000, 0x00000000fb280000, 0x0000000100000000)
  eden space 319488K, 99% used [0x00000000e0000000,0x00000000f37f9300,0x00000000f3800000)
  from space 5120K, 97% used [0x00000000f8d00000,0x00000000f91e12f0,0x00000000f9200000)
  to   space 30720K, 0% used [0x00000000f9480000,0x00000000f9480000,0x00000000fb280000)
 ParOldGen       total 81408K, used 69026K [0x00000000a0000000, 0x00000000a4f80000, 0x00000000e0000000)
  object space 81408K, 84% used [0x00000000a0000000,0x00000000a4368858,0x00000000a4f80000)
 Metaspace       used 73684K, capacity 77744K, committed 78040K, reserved 1118208K
  class space    used 9416K, capacity 10117K, committed 10200K, reserved 1048576K
Event: 1546.895 GC heap after
Heap after GC invocations=23 (full 3):
 PSYoungGen      total 313344K, used 7717K [0x00000000e0000000, 0x00000000f9c80000, 0x0000000100000000)
  eden space 305152K, 0% used [0x00000000e0000000,0x00000000e0000000,0x00000000f2a00000)
  from space 8192K, 94% used [0x00000000f9480000,0x00000000f9c09618,0x00000000f9c80000)
  to   space 29696K, 0% used [0x00000000f6280000,0x00000000f6280000,0x00000000f7f80000)
 ParOldGen       total 81408K, used 69034K [0x00000000a0000000, 0x00000000a4f80000, 0x00000000e0000000)
  object space 81408K, 84% used [0x00000000a0000000,0x00000000a436a858,0x00000000a4f80000)
 Metaspace       used 73684K, capacity 77744K, committed 78040K, reserved 1118208K
  class space    used 9416K, capacity 10117K, committed 10200K, reserved 1048576K
}
Event: 1554.300 GC heap before
{Heap before GC invocations=24 (full 3):
 PSYoungGen      total 313344K, used 312869K [0x00000000e0000000, 0x00000000f9c80000, 0x0000000100000000)
  eden space 305152K, 100% used [0x00000000e0000000,0x00000000f2a00000,0x00000000f2a00000)
  from space 8192K, 94% used [0x00000000f9480000,0x00000000f9c09618,0x00000000f9c80000)
  to   space 29696K, 0% used [0x00000000f6280000,0x00000000f6280000,0x00000000f7f80000)
 ParOldGen       total 81408K, used 69034K [0x00000000a0000000, 0x00000000a4f80000, 0x00000000e0000000)
  object space 81408K, 84% used [0x00000000a0000000,0x00000000a436a858,0x00000000a4f80000)
 Metaspace       used 73756K, capacity 77808K, committed 78040K, reserved 1118208K
  class space    used 9416K, capacity 10117K, committed 10200K, reserved 1048576K
Event: 1554.353 GC heap after
Heap after GC invocations=24 (full 3):
 PSYoungGen      total 321024K, used 29686K [0x00000000e0000000, 0x00000000f9500000, 0x0000000100000000)
  eden space 291328K, 0% used [0x00000000e0000000,0x00000000e0000000,0x00000000f1c80000)
  from space 29696K, 99% used [0x00000000f6280000,0x00000000f7f7da88,0x00000000f7f80000)
  to   space 22016K, 0% used [0x00000000f7f80000,0x00000000f7f80000,0x00000000f9500000)
 ParOldGen       total 81408K, used 75740K [0x00000000a0000000, 0x00000000a4f80000, 0x00000000e0000000)
  object space 81408K, 93% used [0x00000000a0000000,0x00000000a49f7088,0x00000000a4f80000)
 Metaspace       used 73756K, capacity 77808K, committed 78040K, reserved 1118208K
  class space    used 9416K, capacity 10117K, committed 10200K, reserved 1048576K
}
Event: 1554.353 GC heap before
{Heap before GC invocations=25 (full 4):
 PSYoungGen      total 321024K, used 29686K [0x00000000e0000000, 0x00000000f9500000, 0x0000000100000000)
  eden space 291328K, 0% used [0x00000000e0000000,0x00000000e0000000,0x00000000f1c80000)
  from space 29696K, 99% used [0x00000000f6280000,0x00000000f7f7da88,0x00000000f7f80000)
  to   space 22016K, 0% used [0x00000000f7f80000,0x00000000f7f80000,0x00000000f9500000)
 ParOldGen       total 81408K, used 75740K [0x00000000a0000000, 0x00000000a4f80000, 0x00000000e0000000)
  object space 81408K, 93% used [0x00000000a0000000,0x00000000a49f7088,0x00000000a4f80000)
 Metaspace       used 73756K, capacity 77808K, committed 78040K, reserved 1118208K
  class space    used 9416K, capacity 10117K, committed 10200K, reserved 1048576K
Event: 1554.839 GC heap after
Heap after GC invocations=25 (full 4):
 PSYoungGen      total 321024K, used 0K [0x00000000e0000000, 0x00000000f9500000, 0x0000000100000000)
  eden space 291328K, 0% used [0x00000000e0000000,0x00000000e0000000,0x00000000f1c80000)
  from space 29696K, 0% used [0x00000000f6280000,0x00000000f6280000,0x00000000f7f80000)
  to   space 22016K, 0% used [0x00000000f7f80000,0x00000000f7f80000,0x00000000f9500000)
 ParOldGen       total 117760K, used 77931K [0x00000000a0000000, 0x00000000a7300000, 0x00000000e0000000)
  object space 117760K, 66% used [0x00000000a0000000,0x00000000a4c1ad58,0x00000000a7300000)
 Metaspace       used 73648K, capacity 77628K, committed 78040K, reserved 1118208K
  class space    used 9397K, capacity 10081K, committed 10200K, reserved 1048576K
}

Deoptimization events (10 events):
Event: 1544.839 Thread 0x000000001d09e800 Uncommon trap: reason=bimorphic action=maybe_recompile pc=0x0000000008281e0c method=com.sun.tools.javac.tree.TreeInfo.flags(Lcom/sun/tools/javac/tree/JCTree;)J @ 4
Event: 1544.939 Thread 0x000000001d09e800 Uncommon trap: reason=unstable_if action=reinterpret pc=0x000000000aadc94c method=com.sun.tools.javac.code.Types.isSubtypeUncheckedInternal(Lcom/sun/tools/javac/code/Type;Lcom/sun/tools/javac/code/Type;Lcom/sun/tools/javac/util/Warner;)Z @ 134
Event: 1552.610 Thread 0x0000000020558800 Uncommon trap: reason=predicate action=maybe_recompile pc=0x000000000ad07e2c method=java.util.TimSort.reverseRange([Ljava/lang/Object;II)V @ 8
Event: 1553.182 Thread 0x000000001cce9800 Uncommon trap: reason=unstable_if action=reinterpret pc=0x000000000acad7ac method=com.android.dx.cf.code.ByteCatchList.listFor(I)Lcom/android/dx/cf/code/ByteCatchList; @ 36
Event: 1553.182 Thread 0x000000001cce9800 Uncommon trap: reason=unstable_if action=reinterpret pc=0x000000000970c7e0 method=com.android.dx.cf.code.ByteCatchList.listFor(I)Lcom/android/dx/cf/code/ByteCatchList; @ 36
Event: 1554.159 Thread 0x0000000020556800 Uncommon trap: reason=unstable_if action=reinterpret pc=0x000000000b002494 method=com.android.dx.cf.code.ByteCatchList.toRopCatchList()Lcom/android/dx/rop/type/TypeList; @ 6
Event: 1556.809 Thread 0x000000001d09e800 Uncommon trap: reason=predicate action=maybe_recompile pc=0x000000000aa44b2c method=com.google.common.collect.RegularImmutableMap.checkNoConflictInBucket(Ljava/lang/Object;Lcom/google/common/collect/ImmutableMapEntry;Lcom/google/common/collect/ImmutableMap"Š„=¨@
Event: 3102.758 Thread 0x000000001d09e000 Uncommon trap: reason=unstable_if action=reinterpret pc=0x000000000a4b0008 method=org.codehaus.groovy.util.ReferenceManager$CallBackedManager.removeStallEntries0(Ljava/lang/ref/ReferenceQueue;)V @ 6
Event: 3102.759 Thread 0x000000001d09e000 Uncommon trap: reason=array_check action=maybe_recompile pc=0x0000000008bdb350 method=java.util.ComparableTimSort.reverseRange([Ljava/lang/Object;II)V @ 27
Event: 3102.941 Thread 0x000000001d09e000 Uncommon trap: reason=array_check action=maybe_recompile pc=0x0000000008bdb350 method=java.util.ComparableTimSort.reverseRange([Ljava/lang/Object;II)V @ 27

Internal exceptions (10 events):
Event: 1445.000 Thread 0x000000001d09b800 Exception <a 'sun/nio/fs/WindowsException'> (0x00000000e3a4c1d8) thrown at [C:\src\android\AOSP-openjdk\external\jetbrains\jdk\hotspot\src\share\vm\prims\jni.cpp, line 709]
Event: 1445.000 Thread 0x000000001d09b800 Exception <a 'sun/nio/fs/WindowsException'> (0x00000000e3a4dee0) thrown at [C:\src\android\AOSP-openjdk\external\jetbrains\jdk\hotspot\src\share\vm\prims\jni.cpp, line 709]
Event: 1445.001 Thread 0x000000001d09b800 Exception <a 'sun/nio/fs/WindowsException'> (0x00000000e3a4ebf0) thrown at [C:\src\android\AOSP-openjdk\external\jetbrains\jdk\hotspot\src\share\vm\prims\jni.cpp, line 709]
Event: 1446.168 Thread 0x000000001d09b800 Implicit null exception at 0x0000000009e8609e to 0x0000000009e865d9
Event: 1451.860 Thread 0x000000001d09b800 Exception <a 'sun/nio/fs/WindowsException'> (0x00000000e664fb08) thrown at [C:\src\android\AOSP-openjdk\external\jetbrains\jdk\hotspot\src\share\vm\prims\jni.cpp, line 709]
Event: 1541.176 Thread 0x000000001d09e800 Exception <a 'java/lang/ClassNotFoundException': asLocalRepo975_8rrrrrjar8150eu03w1g4osf3BeanInfo> (0x00000000e6ba6018) thrown at [C:\src\android\AOSP-openjdk\external\jetbrains\jdk\hotspot\src\share\vm\classfile\systemDictionary.cpp, line 210]
Event: 1541.176 Thread 0x000000001d09e800 Exception <a 'java/lang/ClassNotFoundException': asLocalRepo975_8rrrrrjar8150eu03w1g4osf3Customizer> (0x00000000e6bb1080) thrown at [C:\src\android\AOSP-openjdk\external\jetbrains\jdk\hotspot\src\share\vm\classfile\systemDictionary.cpp, line 210]
Event: 1558.582 Thread 0x000000001d09e800 Exception <a 'sun/nio/fs/WindowsException'> (0x00000000eb464930) thrown at [C:\src\android\AOSP-openjdk\external\jetbrains\jdk\hotspot\src\share\vm\prims\jni.cpp, line 709]
Event: 3102.792 Thread 0x000000001d09e000 Exception <a 'java/lang/ClassNotFoundException': asLocalRepo1527_1qqg7o6uyojz7f9bov5o5eisuBeanInfo> (0x00000000ec934f50) thrown at [C:\src\android\AOSP-openjdk\external\jetbrains\jdk\hotspot\src\share\vm\classfile\systemDictionary.cpp, line 210]
Event: 3102.891 Thread 0x000000001d09e000 Exception <a 'java/lang/ClassNotFoundException': asLocalRepo1527_1qqg7o6uyojz7f9bov5o5eisuCustomizer> (0x00000000ec940630) thrown at [C:\src\android\AOSP-openjdk\external\jetbrains\jdk\hotspot\src\share\vm\classfile\systemDictionary.cpp, line 210]

Events (10 events):
Event: 3103.040 loading class groovy/runtime/metaclass/asLocalRepo1527_1qqg7o6uyojz7f9bov5o5eisu$_run_closure1$_closure2$_closure4$_closure5MetaClass
Event: 3103.040 loading class groovy/runtime/metaclass/asLocalRepo1527_1qqg7o6uyojz7f9bov5o5eisu$_run_closure1$_closure2$_closure4$_closure5MetaClass done
Event: 3103.041 loading class asLocalRepo1527_1qqg7o6uyojz7f9bov5o5eisu$_run_closure1$_closure3
Event: 3103.041 loading class asLocalRepo1527_1qqg7o6uyojz7f9bov5o5eisu$_run_closure1$_closure3 done
Event: 3103.041 loading class groovy/runtime/metaclass/asLocalRepo1527_1qqg7o6uyojz7f9bov5o5eisu$_run_closure1$_closure3MetaClass
Event: 3103.041 loading class groovy/runtime/metaclass/asLocalRepo1527_1qqg7o6uyojz7f9bov5o5eisu$_run_closure1$_closure3MetaClass done
Event: 3103.042 loading class asLocalRepo1527_1qqg7o6uyojz7f9bov5o5eisu$_run_closure1$_closure3$_closure6
Event: 3103.042 loading class asLocalRepo1527_1qqg7o6uyojz7f9bov5o5eisu$_run_closure1$_closure3$_closure6 done
Event: 3103.043 loading class groovy/runtime/metaclass/asLocalRepo1527_1qqg7o6uyojz7f9bov5o5eisu$_run_closure1$_closure3$_closure6MetaClass
Event: 3103.043 loading class groovy/runtime/metaclass/asLocalRepo1527_1qqg7o6uyojz7f9bov5o5eisu$_run_closure1$_closure3$_closure6MetaClass done


Dynamic libraries:
0x000000013fb80000 - 0x000000013fbb1000 	C:\Program Files\Android\Android Studio\jre\bin\java.exe
0x0000000077280000 - 0x000000007742a000 	C:\Windows\SYSTEM32\ntdll.dll
0x0000000077160000 - 0x000000007727f000 	C:\Windows\system32\kernel32.dll
0x000007fefd2f0000 - 0x000007fefd35b000 	C:\Windows\system32\KERNELBASE.dll
0x000007fefe8a0000 - 0x000007fefe97b000 	C:\Windows\system32\ADVAPI32.dll
0x000007fefe690000 - 0x000007fefe72f000 	C:\Windows\system32\msvcrt.dll
0x000007fefd480000 - 0x000007fefd49f000 	C:\Windows\SYSTEM32\sechost.dll
0x000007fefefe0000 - 0x000007feff10d000 	C:\Windows\system32\RPCRT4.dll
0x0000000077060000 - 0x000000007715a000 	C:\Windows\system32\USER32.dll
0x000007fefe620000 - 0x000007fefe687000 	C:\Windows\system32\GDI32.dll
0x000007feff110000 - 0x000007feff11e000 	C:\Windows\system32\LPK.dll
0x000007fefef10000 - 0x000007fefefda000 	C:\Windows\system32\USP10.dll
0x000007fefb850000 - 0x000007fefba44000 	C:\Windows\WinSxS\amd64_microsoft.windows.common-controls_6595b64144ccf1df_6.0.7601.18837_none_fa3b1e3d17594757\COMCTL32.dll
0x000007feff120000 - 0x000007feff191000 	C:\Windows\system32\SHLWAPI.dll
0x000007fefe980000 - 0x000007fefe9ae000 	C:\Windows\system32\IMM32.DLL
0x000007fefd4b0000 - 0x000007fefd5b9000 	C:\Windows\system32\MSCTF.dll
0x00000000500c0000 - 0x0000000050192000 	C:\Program Files\Android\Android Studio\jre\jre\bin\msvcr100.dll
0x00000000075e0000 - 0x0000000007e1c000 	C:\Program Files\Android\Android Studio\jre\jre\bin\server\jvm.dll
0x000007fefbd40000 - 0x000007fefbd49000 	C:\Windows\system32\WSOCK32.dll
0x000007fefed80000 - 0x000007fefedcd000 	C:\Windows\system32\WS2_32.dll
0x000007fefd4a0000 - 0x000007fefd4a8000 	C:\Windows\system32\NSI.dll
0x000007fef93d0000 - 0x000007fef940b000 	C:\Windows\system32\WINMM.dll
0x000007fefc1b0000 - 0x000007fefc1bc000 	C:\Windows\system32\VERSION.dll
0x0000000077440000 - 0x0000000077447000 	C:\Windows\system32\PSAPI.DLL
0x000007fefbd50000 - 0x000007fefbd5f000 	C:\Program Files\Android\Android Studio\jre\jre\bin\verify.dll
0x000007fefaf90000 - 0x000007fefafb9000 	C:\Program Files\Android\Android Studio\jre\jre\bin\java.dll
0x000007fefafd0000 - 0x000007fefafe6000 	C:\Program Files\Android\Android Studio\jre\jre\bin\zip.dll
0x000007fefd5e0000 - 0x000007fefe369000 	C:\Windows\system32\SHELL32.dll
0x000007feff1a0000 - 0x000007feff3a3000 	C:\Windows\system32\ole32.dll
0x000007fefd0d0000 - 0x000007fefd0df000 	C:\Windows\system32\profapi.dll
0x000007fefb050000 - 0x000007fefb06a000 	C:\Program Files\Android\Android Studio\jre\jre\bin\net.dll
0x000007fefc8a0000 - 0x000007fefc8f5000 	C:\Windows\system32\mswsock.dll
0x000007fefc890000 - 0x000007fefc897000 	C:\Windows\System32\wship6.dll
0x000007fef4630000 - 0x000007fef4641000 	C:\Program Files\Android\Android Studio\jre\jre\bin\nio.dll
0x000007fef46b0000 - 0x000007fef46ce000 	C:\Users\Administrator\.gradle\native\23\windows-amd64\native-platform.dll
0x000007fefc900000 - 0x000007fefc917000 	C:\Windows\system32\CRYPTSP.dll
0x000007fefc600000 - 0x000007fefc647000 	C:\Windows\system32\rsaenh.dll
0x000007fefd2c0000 - 0x000007fefd2de000 	C:\Windows\system32\USERENV.dll
0x000007fefcf60000 - 0x000007fefcf6f000 	C:\Windows\system32\CRYPTBASE.dll
0x000007fefae30000 - 0x000007fefae57000 	C:\Windows\system32\IPHLPAPI.DLL
0x000007fefae20000 - 0x000007fefae2b000 	C:\Windows\system32\WINNSI.DLL
0x000007fefa3c0000 - 0x000007fefa3d8000 	C:\Windows\system32\dhcpcsvc.DLL
0x000007fefa3a0000 - 0x000007fefa3b1000 	C:\Windows\system32\dhcpcsvc6.DLL
0x000007fefb0f0000 - 0x000007fefb0fd000 	C:\Program Files\Android\Android Studio\jre\jre\bin\management.dll
0x000007fefcf00000 - 0x000007fefcf57000 	C:\Windows\system32\apphelp.dll
0x000007fef4520000 - 0x000007fef4544000 	C:\Program Files\Android\Android Studio\jre\jre\bin\sunec.dll
0x000007fefae10000 - 0x000007fefae1b000 	C:\Program Files\Android\Android Studio\jre\jre\bin\sunmscapi.dll
0x000007fefd130000 - 0x000007fefd29c000 	C:\Windows\system32\CRYPT32.dll
0x000007fefd0c0000 - 0x000007fefd0cf000 	C:\Windows\system32\MSASN1.dll
0x000007feeea50000 - 0x000007feeeb75000 	C:\Windows\system32\dbghelp.dll

VM Arguments:
jvm_args: -Xmx1536m -Dfile.encoding=GBK -Duser.country=CN -Duser.language=zh -Duser.variant 
java_command: org.gradle.launcher.daemon.bootstrap.GradleDaemon 3.3
java_class_path (initial): C:\Users\Administrator\.gradle\wrapper\dists\gradle-3.3-all\55gk2rcmfc6p2dg9u9ohc3hw9\gradle-3.3\lib\gradle-launcher-3.3.jar
Launcher Type: SUN_STANDARD

Environment Variables:
JAVA_HOME=F:\Java\JDK
CLASSPATH=.;F:\Java\JDK\lib;F:\Java\JDK\lib\tools.jar
PATH=C:\ProgramData\Oracle\Java\javapath;C:\Windows\system32;C:\Windows;C:\Windows\System32\Wbem;C:\Windows\System32\WindowsPowerShell\v1.0\;C:\Program Files (x86)\Windows Kits\8.1\Windows Performance Toolkit\;C:\Program Files\Microsoft SQL Server\110\Tools\Binn\;F:\Java\JDK\bin;F:\Java\JDK\jre\bin;C:\Program Files (x86)\NVIDIA Corporation\PhysX\Common
USERNAME=Administrator
OS=Windows_NT
PROCESSOR_IDENTIFIER=Intel64 Family 6 Model 60 Stepping 3, GenuineIntel



---------------  S Y S T E M  ---------------

OS: Windows 7 , 64 bit Build 7601 (6.1.7601.19160)

CPU:total 4 (2 cores per cpu, 2 threads per core) family 6 model 60 stepping 3, cmov, cx8, fxsr, mmx, sse, sse2, sse3, ssse3, sse4.1, sse4.2, popcnt, avx, avx2, aes, clmul, erms, lzcnt, ht, tsc, tscinvbit, bmi1, bmi2

Memory: 4k page, physical 3621788k(209676k free), swap 7421964k(574948k free)

vm_info: OpenJDK 64-Bit Server VM (25.112-b06) for windows-amd64 JRE (1.8.0_112-release-b06), built on Dec  8 2016 00:54:26 by "builder" with MS VC++ 10.0 (VS2010)

time: Sat May 13 20:37:47 2017
elapsed time: 3103 seconds (0d 0h 51m 43s)

